12/29/2021 1:07:46 PM | Debut Mise en ligne complete (Site):
12/29/2021 1:08:04 PM | Listing terminé :
12/29/2021 1:08:04 PM | 

12/29/2021 1:08:04 PM | * Files/Fonts-- -- --Folder create
12/29/2021 1:08:04 PM | * WEFiles-- -- --Folder create
12/29/2021 1:08:04 PM | * WEFiles/Xml-- -- --Folder create
12/29/2021 1:08:04 PM | * WEFiles/Server-- -- --Folder create
12/29/2021 1:08:04 PM | * WEFiles/Server/language-- -- --Folder create
12/29/2021 1:08:04 PM | * WEFiles/Server/DB-- -- --Folder create
12/29/2021 1:08:04 PM | * WEFiles/Server/DB/DBTools-- -- --Folder create
12/29/2021 1:08:04 PM | * WEFiles/Server/class-- -- --Folder create
12/29/2021 1:08:04 PM | * WEFiles/Other-- -- --Folder create
12/29/2021 1:08:04 PM | * WEFiles/Image-- -- --Folder create
12/29/2021 1:08:04 PM | * WEFiles/Font-- -- --Folder create
12/29/2021 1:08:04 PM | * WEFiles/EG-- -- --Folder create
12/29/2021 1:08:04 PM | * WEFiles/Css-- -- --Folder create
12/29/2021 1:08:04 PM | * WEFiles/Css/v02-- -- --Folder create
12/29/2021 1:08:04 PM | * WEFiles/Css/v01-- -- --Folder create
12/29/2021 1:08:04 PM | * WEFiles/Client-- -- --Folder create
12/29/2021 1:08:04 PM | * WEFiles/Client/jQuery-- -- --Folder create
12/29/2021 1:08:04 PM | * WEFiles/Client/jQuery/Plugins-- -- --Folder create
12/29/2021 1:08:04 PM | * WEFiles/Client/Common-- -- --Folder create
12/29/2021 1:08:04 PM | * Templates-- -- --Folder create
12/29/2021 1:08:04 PM | * Files-- -- --Folder create
12/29/2021 1:08:04 PM | * Files/Video-- -- --Folder create
12/29/2021 1:08:04 PM | * Files/Other-- -- --Folder create
12/29/2021 1:08:04 PM | * Files/Media-- -- --Folder create
12/29/2021 1:08:04 PM | * Files/Image-- -- --Folder create
12/29/2021 1:08:04 PM | * Files/Fonts-- -- --Folder create
12/29/2021 1:08:04 PM | * Files/Flash-- -- --Folder create
12/29/2021 1:08:04 PM | * Files/Audio-- -- --Folder create
12/29/2021 1:08:04 PM | * Data-- -- --Folder create
12/29/2021 1:08:04 PM | * Backup-- -- --Folder create
12/29/2021 1:08:04 PM | * Common-- -- --Folder create
12/29/2021 1:08:04 PM | * Files\Other-- -- --Folder create
12/29/2021 1:08:04 PM | * Files\Fonts-- -- --Folder create
12/29/2021 1:08:04 PM | * Backup/.htaccess-- -- --33
12/29/2021 1:08:04 PM | * Data/.htaccess-- -- --13
12/29/2021 1:08:04 PM | * WEFiles/Client/Common/oe.min.js-- -- --16317
12/29/2021 1:08:04 PM | * WEFiles/Client/jQuery/Plugins/jquery.form.js-- -- --11659
12/29/2021 1:08:04 PM | * WEFiles/Client/jQuery/Plugins/jquery.ui.core.js-- -- --19590
12/29/2021 1:08:04 PM | * WEFiles/Client/jQuery/Plugins/jquery.ui.effects.js-- -- --25199
12/29/2021 1:08:04 PM | * WEFiles/Client/jQuery/1.10.2.js-- -- --93107
12/29/2021 1:08:04 PM | * WEFiles/Client/jQuery/migrate.js-- -- --7202
12/29/2021 1:08:04 PM | * WEFiles/Client/OEDB.js-- -- --1856
12/29/2021 1:08:04 PM | * WEFiles/Client/OEDBClasses.js-- -- --2280
12/29/2021 1:08:04 PM | * WEFiles/Client/opentip-jquery.min.js-- -- --44974
12/29/2021 1:08:04 PM | * WEFiles/Css/v01/openElement.css-- -- --5851
12/29/2021 1:08:04 PM | * WEFiles/Css/v02/openElement.css-- -- --6102
12/29/2021 1:08:04 PM | * WEFiles/Css/v02/openElement.int.css-- -- --6177
12/29/2021 1:08:04 PM | * WEFiles/Css/ie7.css-- -- --833
12/29/2021 1:08:04 PM | * WEFiles/Css/opentip.css-- -- --9211
12/29/2021 1:08:04 PM | * WEFiles/Image/Code.png-- -- --831
12/29/2021 1:08:04 PM | * WEFiles/Image/delete.png-- -- --1465
12/29/2021 1:08:04 PM | * WEFiles/Image/empty.png-- -- --184
12/29/2021 1:08:04 PM | * WEFiles/Image/information2.png-- -- --3246
12/29/2021 1:08:04 PM | * WEFiles/Image/loading.gif-- -- --1924
12/29/2021 1:08:04 PM | * WEFiles/Image/Loading2.gif-- -- --4941
12/29/2021 1:08:04 PM | * WEFiles/Image/mask.png-- -- --213
12/29/2021 1:08:04 PM | * WEFiles/Image/ModalBackgound.png-- -- --27145
12/29/2021 1:08:04 PM | * WEFiles/Image/ModalPopupBlock.png-- -- --268
12/29/2021 1:08:04 PM | * WEFiles/Image/ServerError.png-- -- --2602
12/29/2021 1:08:04 PM | * WEFiles/Image/warning.png-- -- --816
12/29/2021 1:08:04 PM | * WEFiles/Image/WEW3C.png-- -- --1882
12/29/2021 1:08:04 PM | * WEFiles/Server/class/class-phpmailer.php-- -- --65668
12/29/2021 1:08:04 PM | * WEFiles/Server/class/class-smtp.php-- -- --32456
12/29/2021 1:08:04 PM | * WEFiles/Server/DB/DBTools/OEDataContainers.php-- -- --57685
12/29/2021 1:08:04 PM | * WEFiles/Server/DB/DBTools/OEDBRequest.php-- -- --36412
12/29/2021 1:08:04 PM | * WEFiles/Server/DB/DBTools/OEDynUtils.php-- -- --15107
12/29/2021 1:08:04 PM | * WEFiles/Server/DB/.htaccess-- -- --13
12/29/2021 1:08:04 PM | * WEFiles/Server/DB/OEDB.php-- -- --28741
12/29/2021 1:08:04 PM | * WEFiles/Server/DB/OEDBClasses.php-- -- --84483
12/29/2021 1:08:04 PM | * WEFiles/Server/DB/sqllogin.php-- -- --1479
12/29/2021 1:08:04 PM | * WEFiles/Server/language/phpmailer.lang-en.php-- -- --1188
12/29/2021 1:08:04 PM | * WEFiles/Server/language/phpmailer.lang-fr.php-- -- --1297
12/29/2021 1:08:04 PM | * WEFiles/Server/openElement.php-- -- --13870
12/29/2021 1:08:04 PM | * WEFiles/Server/VarText.php-- -- --4496
12/29/2021 1:08:04 PM | * Files/Fonts/Aclonica Regular.eot-- -- --50764
12/29/2021 1:08:04 PM | * Files/Fonts/Aclonica Regular.ttf-- -- --50576
12/29/2021 1:08:04 PM | * Files/Fonts/Aclonica Regular.woff-- -- --26500
12/29/2021 1:08:04 PM | * Files/Fonts/Domestic Manners Regular.eot-- -- --61388
12/29/2021 1:08:04 PM | * Files/Fonts/Domestic Manners Regular.ttf-- -- --61128
12/29/2021 1:08:04 PM | * Files/Fonts/Domestic Manners Regular.woff-- -- --34672
12/29/2021 1:08:04 PM | * Files/Fonts/Fonts.css-- -- --1297
12/29/2021 1:08:04 PM | * Files/Fonts/Just Another Hand Regular.eot-- -- --109588
12/29/2021 1:08:04 PM | * Files/Fonts/Just Another Hand Regular.ttf-- -- --109364
12/29/2021 1:08:04 PM | * Files/Fonts/Just Another Hand Regular.woff-- -- --57984
12/29/2021 1:08:04 PM | * .htaccess-- -- --0
12/29/2021 1:08:04 PM | * About David.css-- -- --1528
12/29/2021 1:08:04 PM | * Files/Image/sun edit crop.jpg-- -- --1520136
12/29/2021 1:08:04 PM | * About David.es.htm-- -- --4050
12/29/2021 1:08:04 PM | * About David.htm-- -- --4031
12/29/2021 1:08:04 PM | * Contact.css-- -- --1528
12/29/2021 1:08:04 PM | * Contact.es.htm-- -- --4036
12/29/2021 1:08:04 PM | * Contact.htm-- -- --4017
12/29/2021 1:08:04 PM | * index.css-- -- --1789
12/29/2021 1:08:04 PM | * index.es.htm-- -- --4412
12/29/2021 1:08:04 PM | * index.htm-- -- --4393
12/29/2021 1:08:04 PM | * robots.txt-- -- --19
12/29/2021 1:08:04 PM | * sitemap.xml-- -- --2548
12/29/2021 1:08:04 PM | * What is Qi Gong.css-- -- --1533
12/29/2021 1:08:04 PM | * Files/Image/Flow.jpg-- -- --3024622
12/29/2021 1:08:04 PM | * What is Qi Gong.es.htm-- -- --4068
12/29/2021 1:08:04 PM | * What is Qi Gong.htm-- -- --4049
12/29/2021 1:08:04 PM | * Files/Fonts/Aclonica Regular.eot-- -- --50764
12/29/2021 1:08:04 PM | * Files/Fonts/Aclonica Regular.ttf-- -- --50576
12/29/2021 1:08:04 PM | * Files/Fonts/Aclonica Regular.woff-- -- --26500
12/29/2021 1:08:04 PM | * Files/Fonts/Domestic Manners Regular.eot-- -- --61388
12/29/2021 1:08:04 PM | * Files/Fonts/Domestic Manners Regular.ttf-- -- --61128
12/29/2021 1:08:04 PM | * Files/Fonts/Domestic Manners Regular.woff-- -- --34672
12/29/2021 1:08:04 PM | * Files/Fonts/Fonts.css-- -- --1297
12/29/2021 1:08:04 PM | * Files/Fonts/Just Another Hand Regular.eot-- -- --109588
12/29/2021 1:08:04 PM | * Files/Fonts/Just Another Hand Regular.ttf-- -- --109364
12/29/2021 1:08:04 PM | * Files/Fonts/Just Another Hand Regular.woff-- -- --57984
12/29/2021 1:08:04 PM | * Templates/Base.css-- -- --477
12/29/2021 1:08:04 PM | 
12/29/2021 1:08:04 PM | 
--------------------------------Phase 1 Terminé--------------------------------
12/29/2021 1:08:04 PM | 

12/29/2021 1:09:22 PM | Debut Mise en ligne complete (Site):
12/29/2021 1:09:25 PM | Listing terminé :
12/29/2021 1:09:25 PM | 

12/29/2021 1:09:25 PM | * Files/Fonts-- -- --Folder create
12/29/2021 1:09:25 PM | * WEFiles-- -- --Folder create
12/29/2021 1:09:25 PM | * WEFiles/Xml-- -- --Folder create
12/29/2021 1:09:25 PM | * WEFiles/Server-- -- --Folder create
12/29/2021 1:09:25 PM | * WEFiles/Server/language-- -- --Folder create
12/29/2021 1:09:25 PM | * WEFiles/Server/DB-- -- --Folder create
12/29/2021 1:09:25 PM | * WEFiles/Server/DB/DBTools-- -- --Folder create
12/29/2021 1:09:25 PM | * WEFiles/Server/class-- -- --Folder create
12/29/2021 1:09:25 PM | * WEFiles/Other-- -- --Folder create
12/29/2021 1:09:25 PM | * WEFiles/Image-- -- --Folder create
12/29/2021 1:09:25 PM | * WEFiles/Font-- -- --Folder create
12/29/2021 1:09:25 PM | * WEFiles/EG-- -- --Folder create
12/29/2021 1:09:25 PM | * WEFiles/Css-- -- --Folder create
12/29/2021 1:09:25 PM | * WEFiles/Css/v02-- -- --Folder create
12/29/2021 1:09:25 PM | * WEFiles/Css/v01-- -- --Folder create
12/29/2021 1:09:25 PM | * WEFiles/Client-- -- --Folder create
12/29/2021 1:09:25 PM | * WEFiles/Client/jQuery-- -- --Folder create
12/29/2021 1:09:25 PM | * WEFiles/Client/jQuery/Plugins-- -- --Folder create
12/29/2021 1:09:25 PM | * WEFiles/Client/Common-- -- --Folder create
12/29/2021 1:09:25 PM | * Templates-- -- --Folder create
12/29/2021 1:09:25 PM | * Files-- -- --Folder create
12/29/2021 1:09:25 PM | * Files/Video-- -- --Folder create
12/29/2021 1:09:25 PM | * Files/Other-- -- --Folder create
12/29/2021 1:09:25 PM | * Files/Media-- -- --Folder create
12/29/2021 1:09:25 PM | * Files/Image-- -- --Folder create
12/29/2021 1:09:25 PM | * Files/Fonts-- -- --Folder create
12/29/2021 1:09:25 PM | * Files/Flash-- -- --Folder create
12/29/2021 1:09:25 PM | * Files/Audio-- -- --Folder create
12/29/2021 1:09:25 PM | * Data-- -- --Folder create
12/29/2021 1:09:25 PM | * Backup-- -- --Folder create
12/29/2021 1:09:25 PM | * Common-- -- --Folder create
12/29/2021 1:09:25 PM | * Files\Other-- -- --Folder create
12/29/2021 1:09:25 PM | * Files\Fonts-- -- --Folder create
12/29/2021 1:09:25 PM | * Backup/.htaccess-- -- --33
12/29/2021 1:09:25 PM | * Data/.htaccess-- -- --13
12/29/2021 1:09:25 PM | * WEFiles/Client/Common/oe.min.js-- -- --16317
12/29/2021 1:09:25 PM | * WEFiles/Client/jQuery/Plugins/jquery.form.js-- -- --11659
12/29/2021 1:09:25 PM | * WEFiles/Client/jQuery/Plugins/jquery.ui.core.js-- -- --19590
12/29/2021 1:09:25 PM | * WEFiles/Client/jQuery/Plugins/jquery.ui.effects.js-- -- --25199
12/29/2021 1:09:25 PM | * WEFiles/Client/jQuery/1.10.2.js-- -- --93107
12/29/2021 1:09:25 PM | * WEFiles/Client/jQuery/migrate.js-- -- --7202
12/29/2021 1:09:25 PM | * WEFiles/Client/OEDB.js-- -- --1856
12/29/2021 1:09:25 PM | * WEFiles/Client/OEDBClasses.js-- -- --2280
12/29/2021 1:09:25 PM | * WEFiles/Client/opentip-jquery.min.js-- -- --44974
12/29/2021 1:09:25 PM | * WEFiles/Css/v01/openElement.css-- -- --5851
12/29/2021 1:09:25 PM | * WEFiles/Css/v02/openElement.css-- -- --6102
12/29/2021 1:09:25 PM | * WEFiles/Css/v02/openElement.int.css-- -- --6177
12/29/2021 1:09:25 PM | * WEFiles/Css/ie7.css-- -- --833
12/29/2021 1:09:25 PM | * WEFiles/Css/opentip.css-- -- --9211
12/29/2021 1:09:25 PM | * WEFiles/Image/Code.png-- -- --831
12/29/2021 1:09:25 PM | * WEFiles/Image/delete.png-- -- --1465
12/29/2021 1:09:25 PM | * WEFiles/Image/empty.png-- -- --184
12/29/2021 1:09:25 PM | * WEFiles/Image/information2.png-- -- --3246
12/29/2021 1:09:25 PM | * WEFiles/Image/loading.gif-- -- --1924
12/29/2021 1:09:25 PM | * WEFiles/Image/Loading2.gif-- -- --4941
12/29/2021 1:09:25 PM | * WEFiles/Image/mask.png-- -- --213
12/29/2021 1:09:25 PM | * WEFiles/Image/ModalBackgound.png-- -- --27145
12/29/2021 1:09:25 PM | * WEFiles/Image/ModalPopupBlock.png-- -- --268
12/29/2021 1:09:25 PM | * WEFiles/Image/ServerError.png-- -- --2602
12/29/2021 1:09:25 PM | * WEFiles/Image/warning.png-- -- --816
12/29/2021 1:09:25 PM | * WEFiles/Image/WEW3C.png-- -- --1882
12/29/2021 1:09:25 PM | * WEFiles/Server/class/class-phpmailer.php-- -- --65668
12/29/2021 1:09:25 PM | * WEFiles/Server/class/class-smtp.php-- -- --32456
12/29/2021 1:09:25 PM | * WEFiles/Server/DB/DBTools/OEDataContainers.php-- -- --57685
12/29/2021 1:09:25 PM | * WEFiles/Server/DB/DBTools/OEDBRequest.php-- -- --36412
12/29/2021 1:09:25 PM | * WEFiles/Server/DB/DBTools/OEDynUtils.php-- -- --15107
12/29/2021 1:09:25 PM | * WEFiles/Server/DB/.htaccess-- -- --13
12/29/2021 1:09:25 PM | * WEFiles/Server/DB/OEDB.php-- -- --28741
12/29/2021 1:09:25 PM | * WEFiles/Server/DB/OEDBClasses.php-- -- --84483
12/29/2021 1:09:25 PM | * WEFiles/Server/DB/sqllogin.php-- -- --1479
12/29/2021 1:09:25 PM | * WEFiles/Server/language/phpmailer.lang-en.php-- -- --1188
12/29/2021 1:09:25 PM | * WEFiles/Server/language/phpmailer.lang-fr.php-- -- --1297
12/29/2021 1:09:25 PM | * WEFiles/Server/openElement.php-- -- --13870
12/29/2021 1:09:25 PM | * WEFiles/Server/VarText.php-- -- --4496
12/29/2021 1:09:25 PM | * .htaccess-- -- --0
12/29/2021 1:09:25 PM | * About David.css-- -- --1528
12/29/2021 1:09:25 PM | * Files/Image/sun edit crop.jpg-- -- --1520136
12/29/2021 1:09:25 PM | * About David.es.htm-- -- --4050
12/29/2021 1:09:25 PM | * About David.htm-- -- --4031
12/29/2021 1:09:25 PM | * Contact.css-- -- --1528
12/29/2021 1:09:25 PM | * Contact.es.htm-- -- --4036
12/29/2021 1:09:25 PM | * Contact.htm-- -- --4017
12/29/2021 1:09:25 PM | * index.css-- -- --1789
12/29/2021 1:09:25 PM | * index.es.htm-- -- --4412
12/29/2021 1:09:25 PM | * index.htm-- -- --4393
12/29/2021 1:09:25 PM | * robots.txt-- -- --19
12/29/2021 1:09:25 PM | * sitemap.xml-- -- --2548
12/29/2021 1:09:25 PM | * What is Qi Gong.css-- -- --1533
12/29/2021 1:09:25 PM | * Files/Image/Flow.jpg-- -- --3024622
12/29/2021 1:09:25 PM | * What is Qi Gong.es.htm-- -- --4068
12/29/2021 1:09:25 PM | * What is Qi Gong.htm-- -- --4049
12/29/2021 1:09:25 PM | * Files/Fonts/Aclonica Regular.eot-- -- --50764
12/29/2021 1:09:25 PM | * Files/Fonts/Aclonica Regular.ttf-- -- --50576
12/29/2021 1:09:25 PM | * Files/Fonts/Aclonica Regular.woff-- -- --26500
12/29/2021 1:09:25 PM | * Files/Fonts/Domestic Manners Regular.eot-- -- --61388
12/29/2021 1:09:25 PM | * Files/Fonts/Domestic Manners Regular.ttf-- -- --61128
12/29/2021 1:09:25 PM | * Files/Fonts/Domestic Manners Regular.woff-- -- --34672
12/29/2021 1:09:25 PM | * Files/Fonts/Fonts.css-- -- --1297
12/29/2021 1:09:25 PM | * Files/Fonts/Just Another Hand Regular.eot-- -- --109588
12/29/2021 1:09:25 PM | * Files/Fonts/Just Another Hand Regular.ttf-- -- --109364
12/29/2021 1:09:25 PM | * Files/Fonts/Just Another Hand Regular.woff-- -- --57984
12/29/2021 1:09:25 PM | * Templates/Base.css-- -- --477
12/29/2021 1:09:25 PM | 
12/29/2021 1:09:25 PM | 
--------------------------------Phase 1 Terminé--------------------------------
12/29/2021 1:09:25 PM | 

12/29/2021 1:09:58 PM | Debut Mise en ligne complete (Site):
12/29/2021 1:10:17 PM | Listing terminé :
12/29/2021 1:10:17 PM | 

12/29/2021 1:10:17 PM | * Files/Fonts-- -- --Folder create
12/29/2021 1:10:17 PM | * WEFiles-- -- --Folder create
12/29/2021 1:10:17 PM | * WEFiles/Xml-- -- --Folder create
12/29/2021 1:10:17 PM | * WEFiles/Server-- -- --Folder create
12/29/2021 1:10:17 PM | * WEFiles/Server/language-- -- --Folder create
12/29/2021 1:10:17 PM | * WEFiles/Server/DB-- -- --Folder create
12/29/2021 1:10:17 PM | * WEFiles/Server/DB/DBTools-- -- --Folder create
12/29/2021 1:10:17 PM | * WEFiles/Server/class-- -- --Folder create
12/29/2021 1:10:17 PM | * WEFiles/Other-- -- --Folder create
12/29/2021 1:10:17 PM | * WEFiles/Image-- -- --Folder create
12/29/2021 1:10:17 PM | * WEFiles/Font-- -- --Folder create
12/29/2021 1:10:17 PM | * WEFiles/EG-- -- --Folder create
12/29/2021 1:10:17 PM | * WEFiles/Css-- -- --Folder create
12/29/2021 1:10:17 PM | * WEFiles/Css/v02-- -- --Folder create
12/29/2021 1:10:17 PM | * WEFiles/Css/v01-- -- --Folder create
12/29/2021 1:10:17 PM | * WEFiles/Client-- -- --Folder create
12/29/2021 1:10:17 PM | * WEFiles/Client/jQuery-- -- --Folder create
12/29/2021 1:10:17 PM | * WEFiles/Client/jQuery/Plugins-- -- --Folder create
12/29/2021 1:10:17 PM | * WEFiles/Client/Common-- -- --Folder create
12/29/2021 1:10:17 PM | * Templates-- -- --Folder create
12/29/2021 1:10:17 PM | * Files-- -- --Folder create
12/29/2021 1:10:17 PM | * Files/Video-- -- --Folder create
12/29/2021 1:10:17 PM | * Files/Other-- -- --Folder create
12/29/2021 1:10:17 PM | * Files/Media-- -- --Folder create
12/29/2021 1:10:17 PM | * Files/Image-- -- --Folder create
12/29/2021 1:10:17 PM | * Files/Fonts-- -- --Folder create
12/29/2021 1:10:17 PM | * Files/Flash-- -- --Folder create
12/29/2021 1:10:17 PM | * Files/Audio-- -- --Folder create
12/29/2021 1:10:17 PM | * Data-- -- --Folder create
12/29/2021 1:10:17 PM | * Backup-- -- --Folder create
12/29/2021 1:10:17 PM | * Common-- -- --Folder create
12/29/2021 1:10:17 PM | * Files\Other-- -- --Folder create
12/29/2021 1:10:17 PM | * Files\Fonts-- -- --Folder create
12/29/2021 1:10:17 PM | * Backup/.htaccess-- -- --33
12/29/2021 1:10:17 PM | * Data/.htaccess-- -- --13
12/29/2021 1:10:17 PM | * WEFiles/Client/Common/oe.min.js-- -- --16317
12/29/2021 1:10:17 PM | * WEFiles/Client/jQuery/Plugins/jquery.form.js-- -- --11659
12/29/2021 1:10:17 PM | * WEFiles/Client/jQuery/Plugins/jquery.ui.core.js-- -- --19590
12/29/2021 1:10:17 PM | * WEFiles/Client/jQuery/Plugins/jquery.ui.effects.js-- -- --25199
12/29/2021 1:10:17 PM | * WEFiles/Client/jQuery/1.10.2.js-- -- --93107
12/29/2021 1:10:17 PM | * WEFiles/Client/jQuery/migrate.js-- -- --7202
12/29/2021 1:10:17 PM | * WEFiles/Client/OEDB.js-- -- --1856
12/29/2021 1:10:17 PM | * WEFiles/Client/OEDBClasses.js-- -- --2280
12/29/2021 1:10:17 PM | * WEFiles/Client/opentip-jquery.min.js-- -- --44974
12/29/2021 1:10:17 PM | * WEFiles/Css/v01/openElement.css-- -- --5851
12/29/2021 1:10:17 PM | * WEFiles/Css/v02/openElement.css-- -- --6102
12/29/2021 1:10:17 PM | * WEFiles/Css/v02/openElement.int.css-- -- --6177
12/29/2021 1:10:17 PM | * WEFiles/Css/ie7.css-- -- --833
12/29/2021 1:10:17 PM | * WEFiles/Css/opentip.css-- -- --9211
12/29/2021 1:10:17 PM | * WEFiles/Image/Code.png-- -- --831
12/29/2021 1:10:17 PM | * WEFiles/Image/delete.png-- -- --1465
12/29/2021 1:10:17 PM | * WEFiles/Image/empty.png-- -- --184
12/29/2021 1:10:17 PM | * WEFiles/Image/information2.png-- -- --3246
12/29/2021 1:10:17 PM | * WEFiles/Image/loading.gif-- -- --1924
12/29/2021 1:10:17 PM | * WEFiles/Image/Loading2.gif-- -- --4941
12/29/2021 1:10:17 PM | * WEFiles/Image/mask.png-- -- --213
12/29/2021 1:10:17 PM | * WEFiles/Image/ModalBackgound.png-- -- --27145
12/29/2021 1:10:17 PM | * WEFiles/Image/ModalPopupBlock.png-- -- --268
12/29/2021 1:10:17 PM | * WEFiles/Image/ServerError.png-- -- --2602
12/29/2021 1:10:17 PM | * WEFiles/Image/warning.png-- -- --816
12/29/2021 1:10:17 PM | * WEFiles/Image/WEW3C.png-- -- --1882
12/29/2021 1:10:17 PM | * WEFiles/Server/class/class-phpmailer.php-- -- --65668
12/29/2021 1:10:17 PM | * WEFiles/Server/class/class-smtp.php-- -- --32456
12/29/2021 1:10:17 PM | * WEFiles/Server/DB/DBTools/OEDataContainers.php-- -- --57685
12/29/2021 1:10:17 PM | * WEFiles/Server/DB/DBTools/OEDBRequest.php-- -- --36412
12/29/2021 1:10:17 PM | * WEFiles/Server/DB/DBTools/OEDynUtils.php-- -- --15107
12/29/2021 1:10:17 PM | * WEFiles/Server/DB/.htaccess-- -- --13
12/29/2021 1:10:17 PM | * WEFiles/Server/DB/OEDB.php-- -- --28741
12/29/2021 1:10:17 PM | * WEFiles/Server/DB/OEDBClasses.php-- -- --84483
12/29/2021 1:10:17 PM | * WEFiles/Server/DB/sqllogin.php-- -- --1479
12/29/2021 1:10:17 PM | * WEFiles/Server/language/phpmailer.lang-en.php-- -- --1188
12/29/2021 1:10:17 PM | * WEFiles/Server/language/phpmailer.lang-fr.php-- -- --1297
12/29/2021 1:10:17 PM | * WEFiles/Server/openElement.php-- -- --13870
12/29/2021 1:10:17 PM | * WEFiles/Server/VarText.php-- -- --4496
12/29/2021 1:10:17 PM | * .htaccess-- -- --0
12/29/2021 1:10:17 PM | * About David.css-- -- --1528
12/29/2021 1:10:17 PM | * Files/Image/sun edit crop.jpg-- -- --1520136
12/29/2021 1:10:17 PM | * About David.es.htm-- -- --4050
12/29/2021 1:10:18 PM | * About David.htm-- -- --4031
12/29/2021 1:10:18 PM | * Contact.css-- -- --1528
12/29/2021 1:10:18 PM | * Contact.es.htm-- -- --4036
12/29/2021 1:10:18 PM | * Contact.htm-- -- --4017
12/29/2021 1:10:18 PM | * index.css-- -- --1789
12/29/2021 1:10:18 PM | * index.es.htm-- -- --4412
12/29/2021 1:10:18 PM | * index.htm-- -- --4393
12/29/2021 1:10:18 PM | * robots.txt-- -- --19
12/29/2021 1:10:18 PM | * sitemap.xml-- -- --2548
12/29/2021 1:10:18 PM | * What is Qi Gong.css-- -- --1533
12/29/2021 1:10:18 PM | * Files/Image/Flow.jpg-- -- --3024622
12/29/2021 1:10:18 PM | * What is Qi Gong.es.htm-- -- --4068
12/29/2021 1:10:18 PM | * What is Qi Gong.htm-- -- --4049
12/29/2021 1:10:18 PM | * Files/Fonts/Aclonica Regular.eot-- -- --50764
12/29/2021 1:10:18 PM | * Files/Fonts/Aclonica Regular.ttf-- -- --50576
12/29/2021 1:10:18 PM | * Files/Fonts/Aclonica Regular.woff-- -- --26500
12/29/2021 1:10:18 PM | * Files/Fonts/Domestic Manners Regular.eot-- -- --61388
12/29/2021 1:10:18 PM | * Files/Fonts/Domestic Manners Regular.ttf-- -- --61128
12/29/2021 1:10:18 PM | * Files/Fonts/Domestic Manners Regular.woff-- -- --34672
12/29/2021 1:10:18 PM | * Files/Fonts/Fonts.css-- -- --1297
12/29/2021 1:10:18 PM | * Files/Fonts/Just Another Hand Regular.eot-- -- --109588
12/29/2021 1:10:18 PM | * Files/Fonts/Just Another Hand Regular.ttf-- -- --109364
12/29/2021 1:10:18 PM | * Files/Fonts/Just Another Hand Regular.woff-- -- --57984
12/29/2021 1:10:18 PM | * Templates/Base.css-- -- --477
12/29/2021 1:10:18 PM | 
12/29/2021 1:10:18 PM | 
--------------------------------Phase 1 Terminé--------------------------------
12/29/2021 1:10:18 PM | 

